<?xml version="1.0" encoding="UTF-8"?>
<!-- Generated by org.testng.reporters.JUnitXMLReporter -->
<testsuite ignored="0" hostname="ENCDAPPUNLT0268" failures="0" tests="4" name="Surefire test" time="7.29" errors="0" timestamp="2025-05-06T10:35:58 IST">
  <testcase classname="api.testcases.UserTest" name="testCreateUserData" time="2.449"/>
  <testcase classname="api.testcases.UserTest" name="testGetUserData" time="1.086"/>
  <testcase classname="api.testcases.UserTest" name="testUpdateUserData" time="2.093"/>
  <testcase classname="api.testcases.UserTest" name="testDeleteUserData" time="1.076"/>
</testsuite> <!-- Surefire test -->
