<?xml version="1.0" encoding="UTF-8"?>
<!-- Generated by org.testng.reporters.JUnitXMLReporter -->
<testsuite ignored="0" hostname="ENCDAPPUNLT0268" failures="0" tests="4" name="Default test" time="7.622" errors="0" timestamp="2025-05-06T11:08:41 IST">
  <testcase classname="api.testcases.UserTest2" name="testCreateUserData" time="2.556"/>
  <testcase classname="api.testcases.UserTest2" name="testGetUserData" time="1.086"/>
  <testcase classname="api.testcases.UserTest2" name="testUpdateUserData" time="2.12"/>
  <testcase classname="api.testcases.UserTest2" name="testDeleteUserData" time="1.064"/>
</testsuite> <!-- Default test -->
