<?xml version="1.0" encoding="UTF-8"?>
<!-- Generated by org.testng.reporters.JUnitXMLReporter -->
<testsuite ignored="0" hostname="ENCDAPPUNLT0268" failures="2" tests="4" name="Test" time="7.389" errors="0" timestamp="2025-05-06T10:34:02 IST">
  <testcase classname="api.testcases.UserTest" name="testCreateUserData" time="2.372"/>
  <testcase classname="api.testcases.UserTest" name="testGetUserData" time="1.082">
    <failure type="java.lang.AssertionError" message="expected [200] but found [404]">
      <![CDATA[java.lang.AssertionError: expected [200] but found [404]
at api.testcases.UserTest.testGetUserData(UserTest.java:64)
at java.base/java.util.ArrayList.forEach(ArrayList.java:1596)
... Removed 32 stack frames]]>
    </failure>
  </testcase> <!-- testGetUserData -->
  <testcase classname="api.testcases.UserTest" name="testUpdateUserData" time="2.068"/>
  <testcase classname="api.testcases.UserTest" name="testDeleteUserData" time="1.066">
    <failure type="java.lang.AssertionError" message="expected [200] but found [404]">
      <![CDATA[java.lang.AssertionError: expected [200] but found [404]
at api.testcases.UserTest.testDeleteUserData(UserTest.java:103)
at java.base/java.util.ArrayList.forEach(ArrayList.java:1596)
... Removed 32 stack frames]]>
    </failure>
  </testcase> <!-- testDeleteUserData -->
</testsuite> <!-- Test -->
