<?xml version="1.0" encoding="UTF-8"?>
<!-- Generated by org.testng.reporters.JUnitXMLReporter -->
<testsuite ignored="0" hostname="ENCDAPPUNLT0268" failures="0" tests="4" name="Test" time="11.459" errors="0" timestamp="2025-05-06T11:33:15 IST">
  <testcase classname="api.testcases.UserTest" name="testCreateUserData" time="3.518"/>
  <testcase classname="api.testcases.UserTest" name="testGetUserData" time="2.076"/>
  <testcase classname="api.testcases.UserTest" name="testUpdateUserData" time="3.114"/>
  <testcase classname="api.testcases.UserTest" name="testDeleteUserData" time="2.037"/>
</testsuite> <!-- Test -->
