<?xml version="1.0" encoding="UTF-8"?>
<testsuite xmlns:xsi="http://www.w3.org/2001/XMLSchema-instance" xsi:noNamespaceSchemaLocation="https://maven.apache.org/surefire/maven-surefire-plugin/xsd/surefire-test-report-3.0.xsd" version="3.0" name="TestSuite" time="16.684" tests="4" errors="0" skipped="0" failures="0">
  <properties>
[...]
</properties>
  <testcase name="testCreateUserData" classname="api.testcases.UserTest" time="4.818">
    <system-out><![CDATA[On Start method invoked....
Name of test method started:testCreateUserData
HTTP/1.1 200 OK
Date: Tue, 06 May 2025 09:14:18 GMT
Content-Type: application/json
Transfer-Encoding: chunked
Connection: keep-alive
Access-Control-Allow-Origin: *
Access-Control-Allow-Methods: GET, POST, DELETE, PUT
Access-Control-Allow-Headers: Content-Type, api_key, Authorization
Server: Jetty(9.2.9.v20150224)

{
    "code": 200,
    "type": "unknown",
    "message": "751021317"
}
[INFO ] 2025-05-06 14:44:18.613 [main] RestAssuredAutomationFramework - Create User executed !!
Name of test method sucessfully executed:testCreateUserData
]]></system-out>
    <system-err><![CDATA[SLF4J: Failed to load class "org.slf4j.impl.StaticLoggerBinder".
SLF4J: Defaulting to no-operation (NOP) logger implementation
SLF4J: See http://www.slf4j.org/codes.html#StaticLoggerBinder for further details.
]]></system-err>
  </testcase>
  <testcase name="testGetUserData" classname="api.testcases.UserTest" time="3.112">
    <system-out><![CDATA[Name of test method started:testGetUserData
Get User Data
HTTP/1.1 200 OK
Date: Tue, 06 May 2025 09:14:20 GMT
Content-Type: application/json
Transfer-Encoding: chunked
Connection: keep-alive
Access-Control-Allow-Origin: *
Access-Control-Allow-Methods: GET, POST, DELETE, PUT
Access-Control-Allow-Headers: Content-Type, api_key, Authorization
Server: Jetty(9.2.9.v20150224)

{
    "id": 751021317,
    "username": "madalyn.grimes",
    "firstName": "Thaddeus",
    "lastName": "Howe",
    "email": "toby.schinner@example.com",
    "password": "c5al735",
    "phone": "1-811-939-4597",
    "userStatus": 0
}
[INFO ] 2025-05-06 14:44:20.800 [main] RestAssuredAutomationFramework - Get User executed !!
Name of test method sucessfully executed:testGetUserData
]]></system-out>
  </testcase>
  <testcase name="testUpdateUserData" classname="api.testcases.UserTest" time="4.156">
    <system-out><![CDATA[Name of test method started:testUpdateUserData
Update User Data
HTTP/1.1 200 OK
Date: Tue, 06 May 2025 09:14:23 GMT
Content-Type: application/json
Transfer-Encoding: chunked
Connection: keep-alive
Access-Control-Allow-Origin: *
Access-Control-Allow-Methods: GET, POST, DELETE, PUT
Access-Control-Allow-Headers: Content-Type, api_key, Authorization
Server: Jetty(9.2.9.v20150224)

{
    "code": 200,
    "type": "unknown",
    "message": "751021317"
}
After Update User Data
HTTP/1.1 200 OK
Date: Tue, 06 May 2025 09:14:24 GMT
Content-Type: application/json
Transfer-Encoding: chunked
Connection: keep-alive
Access-Control-Allow-Origin: *
Access-Control-Allow-Methods: GET, POST, DELETE, PUT
Access-Control-Allow-Headers: Content-Type, api_key, Authorization
Server: Jetty(9.2.9.v20150224)

{
    "id": 751021317,
    "username": "madalyn.grimes",
    "firstName": "Scott",
    "lastName": "Howe",
    "email": "toby.schinner@example.com",
    "password": "c5al735",
    "phone": "1-811-939-4597",
    "userStatus": 0
}
[INFO ] 2025-05-06 14:44:24.948 [main] RestAssuredAutomationFramework - Update User executed !!
Name of test method sucessfully executed:testUpdateUserData
]]></system-out>
  </testcase>
  <testcase name="testDeleteUserData" classname="api.testcases.UserTest" time="2.099">
    <system-out><![CDATA[Name of test method started:testDeleteUserData
Delete User Data
HTTP/1.1 200 OK
Date: Tue, 06 May 2025 09:14:27 GMT
Content-Type: application/json
Transfer-Encoding: chunked
Connection: keep-alive
Access-Control-Allow-Origin: *
Access-Control-Allow-Methods: GET, POST, DELETE, PUT
Access-Control-Allow-Headers: Content-Type, api_key, Authorization
Server: Jetty(9.2.9.v20150224)

{
    "code": 200,
    "type": "unknown",
    "message": "madalyn.grimes"
}
[INFO ] 2025-05-06 14:44:28.054 [main] RestAssuredAutomationFramework - Delete User executed !!
Name of test method sucessfully executed:testDeleteUserData
]]></system-out>
  </testcase>
</testsuite>