<?xml version="1.0" encoding="UTF-8"?>
<testsuite xmlns:xsi="http://www.w3.org/2001/XMLSchema-instance" xsi:noNamespaceSchemaLocation="https://maven.apache.org/surefire/maven-surefire-plugin/xsd/surefire-test-report-3.0.xsd" version="3.0" name="api.testcases.UserTest" time="7.754" tests="4" errors="0" skipped="0" failures="0">
  <properties>
[...]
</properties>
  <testcase name="testCreateUserData" classname="api.testcases.UserTest" time="2.451">
    <system-out><![CDATA[HTTP/1.1 200 OK
Date: Tue, 06 May 2025 05:05:53 GMT
Content-Type: application/json
Transfer-Encoding: chunked
Connection: keep-alive
Access-Control-Allow-Origin: *
Access-Control-Allow-Methods: GET, POST, DELETE, PUT
Access-Control-Allow-Headers: Content-Type, api_key, Authorization
Server: Jetty(9.2.9.v20150224)

{
    "code": 200,
    "type": "unknown",
    "message": "262457445"
}
[INFO ] 2025-05-06 10:35:53.940 [main] RestAssuredAutomationFramework - Create User executed !!
]]></system-out>
    <system-err><![CDATA[SLF4J: Failed to load class "org.slf4j.impl.StaticLoggerBinder".
SLF4J: Defaulting to no-operation (NOP) logger implementation
SLF4J: See http://www.slf4j.org/codes.html#StaticLoggerBinder for further details.
]]></system-err>
  </testcase>
  <testcase name="testGetUserData" classname="api.testcases.UserTest" time="1.088">
    <system-out><![CDATA[Get User Data
HTTP/1.1 200 OK
Date: Tue, 06 May 2025 05:05:54 GMT
Content-Type: application/json
Transfer-Encoding: chunked
Connection: keep-alive
Access-Control-Allow-Origin: *
Access-Control-Allow-Methods: GET, POST, DELETE, PUT
Access-Control-Allow-Headers: Content-Type, api_key, Authorization
Server: Jetty(9.2.9.v20150224)

{
    "id": 262457445,
    "username": "grady.feil",
    "firstName": "Mathilde",
    "lastName": "Macejkovic",
    "email": "douglass.nitzsche@example.com",
    "password": "oa37e",
    "phone": "440-648-2120",
    "userStatus": 0
}
[INFO ] 2025-05-06 10:35:55.033 [main] RestAssuredAutomationFramework - Get User executed !!
]]></system-out>
  </testcase>
  <testcase name="testUpdateUserData" classname="api.testcases.UserTest" time="2.092">
    <system-out><![CDATA[Update User Data
HTTP/1.1 200 OK
Date: Tue, 06 May 2025 05:05:55 GMT
Content-Type: application/json
Transfer-Encoding: chunked
Connection: keep-alive
Access-Control-Allow-Origin: *
Access-Control-Allow-Methods: GET, POST, DELETE, PUT
Access-Control-Allow-Headers: Content-Type, api_key, Authorization
Server: Jetty(9.2.9.v20150224)

{
    "code": 200,
    "type": "unknown",
    "message": "262457445"
}
After Update User Data
HTTP/1.1 404 Not Found
Date: Tue, 06 May 2025 05:05:56 GMT
Content-Type: application/json
Transfer-Encoding: chunked
Connection: keep-alive
Access-Control-Allow-Origin: *
Access-Control-Allow-Methods: GET, POST, DELETE, PUT
Access-Control-Allow-Headers: Content-Type, api_key, Authorization
Server: Jetty(9.2.9.v20150224)

{
    "code": 1,
    "type": "error",
    "message": "User not found"
}
[INFO ] 2025-05-06 10:35:57.127 [main] RestAssuredAutomationFramework - Update User executed !!
]]></system-out>
  </testcase>
  <testcase name="testDeleteUserData" classname="api.testcases.UserTest" time="1.079">
    <system-out><![CDATA[Delete User Data
HTTP/1.1 200 OK
Date: Tue, 06 May 2025 05:05:57 GMT
Content-Type: application/json
Transfer-Encoding: chunked
Connection: keep-alive
Access-Control-Allow-Origin: *
Access-Control-Allow-Methods: GET, POST, DELETE, PUT
Access-Control-Allow-Headers: Content-Type, api_key, Authorization
Server: Jetty(9.2.9.v20150224)

{
    "code": 200,
    "type": "unknown",
    "message": "grady.feil"
}
[INFO ] 2025-05-06 10:35:58.204 [main] RestAssuredAutomationFramework - Delete User executed !!
]]></system-out>
  </testcase>
</testsuite>