<?xml version="1.0" encoding="UTF-8"?>
<testng-results ignored="0" total="4" passed="4" failed="0" skipped="0">
  <reporter-output>
  </reporter-output>
  <suite started-at="2025-05-06T11:33:03 IST" name="Suite" finished-at="2025-05-06T11:33:15 IST" duration-ms="11459">
    <groups>
    </groups>
    <test started-at="2025-05-06T11:33:03 IST" name="Test" finished-at="2025-05-06T11:33:15 IST" duration-ms="11459">
      <class name="api.testcases.UserTest">
        <test-method is-config="true" signature="generateTestData()[pri:0, instance:api.testcases.UserTest@333291e3]" started-at="2025-05-06T11:33:03 IST" name="generateTestData" finished-at="2025-05-06T11:33:04 IST" duration-ms="515" status="PASS">
          <reporter-output>
          </reporter-output>
        </test-method> <!-- generateTestData -->
        <test-method signature="testCreateUserData()[pri:1, instance:api.testcases.UserTest@333291e3]" started-at="2025-05-06T11:33:04 IST" name="testCreateUserData" finished-at="2025-05-06T11:33:07 IST" duration-ms="3518" status="PASS">
          <reporter-output>
          </reporter-output>
        </test-method> <!-- testCreateUserData -->
        <test-method signature="testGetUserData()[pri:2, instance:api.testcases.UserTest@333291e3]" started-at="2025-05-06T11:33:07 IST" name="testGetUserData" finished-at="2025-05-06T11:33:09 IST" depends-on-methods="api.testcases.UserTest.testCreateUserData" duration-ms="2076" status="PASS">
          <reporter-output>
          </reporter-output>
        </test-method> <!-- testGetUserData -->
        <test-method signature="testUpdateUserData()[pri:3, instance:api.testcases.UserTest@333291e3]" started-at="2025-05-06T11:33:09 IST" name="testUpdateUserData" finished-at="2025-05-06T11:33:13 IST" depends-on-methods="api.testcases.UserTest.testCreateUserData" duration-ms="3114" status="PASS">
          <reporter-output>
          </reporter-output>
        </test-method> <!-- testUpdateUserData -->
        <test-method signature="testDeleteUserData()[pri:4, instance:api.testcases.UserTest@333291e3]" started-at="2025-05-06T11:33:13 IST" name="testDeleteUserData" finished-at="2025-05-06T11:33:15 IST" depends-on-methods="api.testcases.UserTest.testCreateUserData" duration-ms="2037" status="PASS">
          <reporter-output>
          </reporter-output>
        </test-method> <!-- testDeleteUserData -->
      </class> <!-- api.testcases.UserTest -->
    </test> <!-- Test -->
  </suite> <!-- Suite -->
</testng-results>
